# JRE version: OpenJDK Runtime Environment (11.0.5+10) (build 11.0.5+10-post-Ubuntu-0ubuntu1.1)
# Java VM: OpenJDK 64-Bit Server VM (11.0.5+10-post-Ubuntu-0ubuntu1.1, mixed mode, sharing, tiered, compressed oops, serial gc, linux-amd64)
Heap:
 def new generation   total 9920K, used 7854K [0x00000000e0e00000, 0x00000000e18c0000, 0x00000000eb400000)
  eden space 8832K,  87% used [0x00000000e0e00000, 0x00000000e158dd10, 0x00000000e16a0000)
  from space 1088K,  10% used [0x00000000e16a0000, 0x00000000e16bdd28, 0x00000000e17b0000)
  to   space 1088K,   0% used [0x00000000e17b0000, 0x00000000e17b0000, 0x00000000e18c0000)
 tenured generation   total 21888K, used 12109K [0x00000000eb400000, 0x00000000ec960000, 0x0000000100000000)
   the space 21888K,  55% used [0x00000000eb400000, 0x00000000ebfd3668, 0x00000000ebfd3800, 0x00000000ec960000)
 Metaspace       used 33858K, capacity 34621K, committed 35328K, reserved 1081344K
  class space    used 3918K, capacity 4252K, committed 4352K, reserved 1048576K
GC Heap History (20 events):
Event: 939.386 GC heap before
{Heap before GC invocations=73 (full 1):
 def new generation   total 9920K, used 8935K [0x00000000e0e00000, 0x00000000e18c0000, 0x00000000eb400000)
  eden space 8832K,  99% used [0x00000000e0e00000, 0x00000000e169fff0, 0x00000000e16a0000)
  from space 1088K,   9% used [0x00000000e16a0000, 0x00000000e16b9fd8, 0x00000000e17b0000)
  to   space 1088K,   0% used [0x00000000e17b0000, 0x00000000e17b0000, 0x00000000e18c0000)
 tenured generation   total 21888K, used 12101K [0x00000000eb400000, 0x00000000ec960000, 0x0000000100000000)
   the space 21888K,  55% used [0x00000000eb400000, 0x00000000ebfd1408, 0x00000000ebfd1600, 0x00000000ec960000)
 Metaspace       used 33762K, capacity 34545K, committed 35072K, reserved 1079296K
  class space    used 3917K, capacity 4250K, committed 4352K, reserved 1048576K
}
Event: 939.387 GC heap after
{Heap after GC invocations=74 (full 1):
 def new generation   total 9920K, used 130K [0x00000000e0e00000, 0x00000000e18c0000, 0x00000000eb400000)
  eden space 8832K,   0% used [0x00000000e0e00000, 0x00000000e0e00000, 0x00000000e16a0000)
  from space 1088K,  11% used [0x00000000e17b0000, 0x00000000e17d0868, 0x00000000e18c0000)
  to   space 1088K,   0% used [0x00000000e16a0000, 0x00000000e16a0000, 0x00000000e17b0000)
 tenured generation   total 21888K, used 12101K [0x00000000eb400000, 0x00000000ec960000, 0x0000000100000000)
   the space 21888K,  55% used [0x00000000eb400000, 0x00000000ebfd1478, 0x00000000ebfd1600, 0x00000000ec960000)
 Metaspace       used 33762K, capacity 34545K, committed 35072K, reserved 1079296K
  class space    used 3917K, capacity 4250K, committed 4352K, reserved 1048576K
}
Event: 953.174 GC heap before
{Heap before GC invocations=74 (full 1):
 def new generation   total 9920K, used 8962K [0x00000000e0e00000, 0x00000000e18c0000, 0x00000000eb400000)
  eden space 8832K, 100% used [0x00000000e0e00000, 0x00000000e16a0000, 0x00000000e16a0000)
  from space 1088K,  11% used [0x00000000e17b0000, 0x00000000e17d0868, 0x00000000e18c0000)
  to   space 1088K,   0% used [0x00000000e16a0000, 0x00000000e16a0000, 0x00000000e17b0000)
 tenured generation   total 21888K, used 12101K [0x00000000eb400000, 0x00000000ec960000, 0x0000000100000000)
   the space 21888K,  55% used [0x00000000eb400000, 0x00000000ebfd1478, 0x00000000ebfd1600, 0x00000000ec960000)
 Metaspace       used 33770K, capacity 34545K, committed 35072K, reserved 1079296K
  class space    used 3917K, capacity 4250K, committed 4352K, reserved 1048576K
}
Event: 953.175 GC heap after
{Heap after GC invocations=75 (full 1):
 def new generation   total 9920K, used 140K [0x00000000e0e00000, 0x00000000e18c0000, 0x00000000eb400000)
  eden space 8832K,   0% used [0x00000000e0e00000, 0x00000000e0e00000, 0x00000000e16a0000)
  from space 1088K,  12% used [0x00000000e16a0000, 0x00000000e16c3140, 0x00000000e17b0000)
  to   space 1088K,   0% used [0x00000000e17b0000, 0x00000000e17b0000, 0x00000000e18c0000)
 tenured generation   total 21888K, used 12101K [0x00000000eb400000, 0x00000000ec960000, 0x0000000100000000)
   the space 21888K,  55% used [0x00000000eb400000, 0x00000000ebfd14b0, 0x00000000ebfd1600, 0x00000000ec960000)
 Metaspace       used 33770K, capacity 34545K, committed 35072K, reserved 1079296K
  class space    used 3917K, capacity 4250K, committed 4352K, reserved 1048576K
}
Event: 968.354 GC heap before
{Heap before GC invocations=75 (full 1):
 def new generation   total 9920K, used 8963K [0x00000000e0e00000, 0x00000000e18c0000, 0x00000000eb400000)
  eden space 8832K,  99% used [0x00000000e0e00000, 0x00000000e169dcf0, 0x00000000e16a0000)
  from space 1088K,  12% used [0x00000000e16a0000, 0x00000000e16c3140, 0x00000000e17b0000)
  to   space 1088K,   0% used [0x00000000e17b0000, 0x00000000e17b0000, 0x00000000e18c0000)
 tenured generation   total 21888K, used 12101K [0x00000000eb400000, 0x00000000ec960000, 0x0000000100000000)
   the space 21888K,  55% used [0x00000000eb400000, 0x00000000ebfd14b0, 0x00000000ebfd1600, 0x00000000ec960000)
 Metaspace       used 33771K, capacity 34545K, committed 35072K, reserved 1079296K
  class space    used 3917K, capacity 4250K, committed 4352K, reserved 1048576K
}
Event: 968.355 GC heap after
{Heap after GC invocations=76 (full 1):
 def new generation   total 9920K, used 155K [0x00000000e0e00000, 0x00000000e18c0000, 0x00000000eb400000)
  eden space 8832K,   0% used [0x00000000e0e00000, 0x00000000e0e00000, 0x00000000e16a0000)
  from space 1088K,  14% used [0x00000000e17b0000, 0x00000000e17d6f08, 0x00000000e18c0000)
  to   space 1088K,   0% used [0x00000000e16a0000, 0x00000000e16a0000, 0x00000000e17b0000)
 tenured generation   total 21888K, used 12101K [0x00000000eb400000, 0x00000000ec960000, 0x0000000100000000)
   the space 21888K,  55% used [0x00000000eb400000, 0x00000000ebfd14b0, 0x00000000ebfd1600, 0x00000000ec960000)
 Metaspace       used 33771K, capacity 34545K, committed 35072K, reserved 1079296K
  class space    used 3917K, capacity 4250K, committed 4352K, reserved 1048576K
}
Event: 983.469 GC heap before
{Heap before GC invocations=76 (full 1):
 def new generation   total 9920K, used 8987K [0x00000000e0e00000, 0x00000000e18c0000, 0x00000000eb400000)
  eden space 8832K, 100% used [0x00000000e0e00000, 0x00000000e16a0000, 0x00000000e16a0000)
  from space 1088K,  14% used [0x00000000e17b0000, 0x00000000e17d6f08, 0x00000000e18c0000)
  to   space 1088K,   0% used [0x00000000e16a0000, 0x00000000e16a0000, 0x00000000e17b0000)
 tenured generation   total 21888K, used 12101K [0x00000000eb400000, 0x00000000ec960000, 0x0000000100000000)
   the space 21888K,  55% used [0x00000000eb400000, 0x00000000ebfd14b0, 0x00000000ebfd1600, 0x00000000ec960000)
 Metaspace       used 33771K, capacity 34545K, committed 35072K, reserved 1079296K
  class space    used 3917K, capacity 4250K, committed 4352K, reserved 1048576K
}
Event: 983.470 GC heap after
{Heap after GC invocations=77 (full 1):
 def new generation   total 9920K, used 171K [0x00000000e0e00000, 0x00000000e18c0000, 0x00000000eb400000)
  eden space 8832K,   0% used [0x00000000e0e00000, 0x00000000e0e00000, 0x00000000e16a0000)
  from space 1088K,  15% used [0x00000000e16a0000, 0x00000000e16caf18, 0x00000000e17b0000)
  to   space 1088K,   0% used [0x00000000e17b0000, 0x00000000e17b0000, 0x00000000e18c0000)
 tenured generation   total 21888K, used 12101K [0x00000000eb400000, 0x00000000ec960000, 0x0000000100000000)
   the space 21888K,  55% used [0x00000000eb400000, 0x00000000ebfd14b0, 0x00000000ebfd1600, 0x00000000ec960000)
 Metaspace       used 33771K, capacity 34545K, committed 35072K, reserved 1079296K
  class space    used 3917K, capacity 4250K, committed 4352K, reserved 1048576K
}
Event: 1002.088 GC heap before
{Heap before GC invocations=77 (full 1):
 def new generation   total 9920K, used 9003K [0x00000000e0e00000, 0x00000000e18c0000, 0x00000000eb400000)
  eden space 8832K, 100% used [0x00000000e0e00000, 0x00000000e16a0000, 0x00000000e16a0000)
  from space 1088K,  15% used [0x00000000e16a0000, 0x00000000e16caf18, 0x00000000e17b0000)
  to   space 1088K,   0% used [0x00000000e17b0000, 0x00000000e17b0000, 0x00000000e18c0000)
 tenured generation   total 21888K, used 12101K [0x00000000eb400000, 0x00000000ec960000, 0x0000000100000000)
   the space 21888K,  55% used [0x00000000eb400000, 0x00000000ebfd14b0, 0x00000000ebfd1600, 0x00000000ec960000)
 Metaspace       used 33776K, capacity 34545K, committed 35072K, reserved 1079296K
  class space    used 3917K, capacity 4250K, committed 4352K, reserved 1048576K
}
Event: 1002.090 GC heap after
{Heap after GC invocations=78 (full 1):
 def new generation   total 9920K, used 122K [0x00000000e0e00000, 0x00000000e18c0000, 0x00000000eb400000)
  eden space 8832K,   0% used [0x00000000e0e00000, 0x00000000e0e00000, 0x00000000e16a0000)
  from space 1088K,  11% used [0x00000000e17b0000, 0x00000000e17ce930, 0x00000000e18c0000)
  to   space 1088K,   0% used [0x00000000e16a0000, 0x00000000e16a0000, 0x00000000e17b0000)
 tenured generation   total 21888K, used 12102K [0x00000000eb400000, 0x00000000ec960000, 0x0000000100000000)
   the space 21888K,  55% used [0x00000000eb400000, 0x00000000ebfd1898, 0x00000000ebfd1a00, 0x00000000ec960000)
 Metaspace       used 33776K, capacity 34545K, committed 35072K, reserved 1079296K
  class space    used 3917K, capacity 4250K, committed 4352K, reserved 1048576K
}
Event: 1024.138 GC heap before
{Heap before GC invocations=78 (full 1):
 def new generation   total 9920K, used 8954K [0x00000000e0e00000, 0x00000000e18c0000, 0x00000000eb400000)
  eden space 8832K, 100% used [0x00000000e0e00000, 0x00000000e16a0000, 0x00000000e16a0000)
  from space 1088K,  11% used [0x00000000e17b0000, 0x00000000e17ce930, 0x00000000e18c0000)
  to   space 1088K,   0% used [0x00000000e16a0000, 0x00000000e16a0000, 0x00000000e17b0000)
 tenured generation   total 21888K, used 12102K [0x00000000eb400000, 0x00000000ec960000, 0x0000000100000000)
   the space 21888K,  55% used [0x00000000eb400000, 0x00000000ebfd1898, 0x00000000ebfd1a00, 0x00000000ec960000)
 Metaspace       used 33776K, capacity 34545K, committed 35072K, reserved 1079296K
  class space    used 3917K, capacity 4250K, committed 4352K, reserved 1048576K
}
Event: 1024.139 GC heap after
{Heap after GC invocations=79 (full 1):
 def new generation   total 9920K, used 98K [0x00000000e0e00000, 0x00000000e18c0000, 0x00000000eb400000)
  eden space 8832K,   0% used [0x00000000e0e00000, 0x00000000e0e00000, 0x00000000e16a0000)
  from space 1088K,   9% used [0x00000000e16a0000, 0x00000000e16b8978, 0x00000000e17b0000)
  to   space 1088K,   0% used [0x00000000e17b0000, 0x00000000e17b0000, 0x00000000e18c0000)
 tenured generation   total 21888K, used 12109K [0x00000000eb400000, 0x00000000ec960000, 0x0000000100000000)
   the space 21888K,  55% used [0x00000000eb400000, 0x00000000ebfd35b8, 0x00000000ebfd3600, 0x00000000ec960000)
 Metaspace       used 33776K, capacity 34545K, committed 35072K, reserved 1079296K
  class space    used 3917K, capacity 4250K, committed 4352K, reserved 1048576K
}
Event: 1045.202 GC heap before
{Heap before GC invocations=79 (full 1):
 def new generation   total 9920K, used 8930K [0x00000000e0e00000, 0x00000000e18c0000, 0x00000000eb400000)
  eden space 8832K, 100% used [0x00000000e0e00000, 0x00000000e16a0000, 0x00000000e16a0000)
  from space 1088K,   9% used [0x00000000e16a0000, 0x00000000e16b8978, 0x00000000e17b0000)
  to   space 1088K,   0% used [0x00000000e17b0000, 0x00000000e17b0000, 0x00000000e18c0000)
 tenured generation   total 21888K, used 12109K [0x00000000eb400000, 0x00000000ec960000, 0x0000000100000000)
   the space 21888K,  55% used [0x00000000eb400000, 0x00000000ebfd35b8, 0x00000000ebfd3600, 0x00000000ec960000)
 Metaspace       used 33776K, capacity 34545K, committed 35072K, reserved 1079296K
  class space    used 3917K, capacity 4250K, committed 4352K, reserved 1048576K
}
Event: 1045.216 GC heap after
{Heap after GC invocations=80 (full 1):
 def new generation   total 9920K, used 99K [0x00000000e0e00000, 0x00000000e18c0000, 0x00000000eb400000)
  eden space 8832K,   0% used [0x00000000e0e00000, 0x00000000e0e00000, 0x00000000e16a0000)
  from space 1088K,   9% used [0x00000000e17b0000, 0x00000000e17c8ea8, 0x00000000e18c0000)
  to   space 1088K,   0% used [0x00000000e16a0000, 0x00000000e16a0000, 0x00000000e17b0000)
 tenured generation   total 21888K, used 12109K [0x00000000eb400000, 0x00000000ec960000, 0x0000000100000000)
   the space 21888K,  55% used [0x00000000eb400000, 0x00000000ebfd35b8, 0x00000000ebfd3600, 0x00000000ec960000)
 Metaspace       used 33776K, capacity 34545K, committed 35072K, reserved 1079296K
  class space    used 3917K, capacity 4250K, committed 4352K, reserved 1048576K
}
Event: 1065.939 GC heap before
{Heap before GC invocations=80 (full 1):
 def new generation   total 9920K, used 8931K [0x00000000e0e00000, 0x00000000e18c0000, 0x00000000eb400000)
  eden space 8832K, 100% used [0x00000000e0e00000, 0x00000000e16a0000, 0x00000000e16a0000)
  from space 1088K,   9% used [0x00000000e17b0000, 0x00000000e17c8ea8, 0x00000000e18c0000)
  to   space 1088K,   0% used [0x00000000e16a0000, 0x00000000e16a0000, 0x00000000e17b0000)
 tenured generation   total 21888K, used 12109K [0x00000000eb400000, 0x00000000ec960000, 0x0000000100000000)
   the space 21888K,  55% used [0x00000000eb400000, 0x00000000ebfd35b8, 0x00000000ebfd3600, 0x00000000ec960000)
 Metaspace       used 33777K, capacity 34545K, committed 35072K, reserved 1079296K
  class space    used 3917K, capacity 4250K, committed 4352K, reserved 1048576K
}
Event: 1065.940 GC heap after
{Heap after GC invocations=81 (full 1):
 def new generation   total 9920K, used 92K [0x00000000e0e00000, 0x00000000e18c0000, 0x00000000eb400000)
  eden space 8832K,   0% used [0x00000000e0e00000, 0x00000000e0e00000, 0x00000000e16a0000)
  from space 1088K,   8% used [0x00000000e16a0000, 0x00000000e16b7360, 0x00000000e17b0000)
  to   space 1088K,   0% used [0x00000000e17b0000, 0x00000000e17b0000, 0x00000000e18c0000)
 tenured generation   total 21888K, used 12109K [0x00000000eb400000, 0x00000000ec960000, 0x0000000100000000)
   the space 21888K,  55% used [0x00000000eb400000, 0x00000000ebfd35b8, 0x00000000ebfd3600, 0x00000000ec960000)
 Metaspace       used 33777K, capacity 34545K, committed 35072K, reserved 1079296K
  class space    used 3917K, capacity 4250K, committed 4352K, reserved 1048576K
}
Event: 1086.947 GC heap before
{Heap before GC invocations=81 (full 1):
 def new generation   total 9920K, used 8924K [0x00000000e0e00000, 0x00000000e18c0000, 0x00000000eb400000)
  eden space 8832K, 100% used [0x00000000e0e00000, 0x00000000e16a0000, 0x00000000e16a0000)
  from space 1088K,   8% used [0x00000000e16a0000, 0x00000000e16b7360, 0x00000000e17b0000)
  to   space 1088K,   0% used [0x00000000e17b0000, 0x00000000e17b0000, 0x00000000e18c0000)
 tenured generation   total 21888K, used 12109K [0x00000000eb400000, 0x00000000ec960000, 0x0000000100000000)
   the space 21888K,  55% used [0x00000000eb400000, 0x00000000ebfd35b8, 0x00000000ebfd3600, 0x00000000ec960000)
 Metaspace       used 33777K, capacity 34545K, committed 35072K, reserved 1079296K
  class space    used 3917K, capacity 4250K, committed 4352K, reserved 1048576K
}
Event: 1087.076 GC heap after
{Heap after GC invocations=82 (full 1):
 def new generation   total 9920K, used 118K [0x00000000e0e00000, 0x00000000e18c0000, 0x00000000eb400000)
  eden space 8832K,   0% used [0x00000000e0e00000, 0x00000000e0e00000, 0x00000000e16a0000)
  from space 1088K,  10% used [0x00000000e17b0000, 0x00000000e17cdba0, 0x00000000e18c0000)
  to   space 1088K,   0% used [0x00000000e16a0000, 0x00000000e16a0000, 0x00000000e17b0000)
 tenured generation   total 21888K, used 12109K [0x00000000eb400000, 0x00000000ec960000, 0x0000000100000000)
   the space 21888K,  55% used [0x00000000eb400000, 0x00000000ebfd3668, 0x00000000ebfd3800, 0x00000000ec960000)
 Metaspace       used 33777K, capacity 34545K, committed 35072K, reserved 1079296K
  class space    used 3917K, capacity 4250K, committed 4352K, reserved 1048576K
}
Event: 1109.230 GC heap before
{Heap before GC invocations=82 (full 1):
 def new generation   total 9920K, used 8950K [0x00000000e0e00000, 0x00000000e18c0000, 0x00000000eb400000)
  eden space 8832K, 100% used [0x00000000e0e00000, 0x00000000e16a0000, 0x00000000e16a0000)
  from space 1088K,  10% used [0x00000000e17b0000, 0x00000000e17cdba0, 0x00000000e18c0000)
  to   space 1088K,   0% used [0x00000000e16a0000, 0x00000000e16a0000, 0x00000000e17b0000)
 tenured generation   total 21888K, used 12109K [0x00000000eb400000, 0x00000000ec960000, 0x0000000100000000)
   the space 21888K,  55% used [0x00000000eb400000, 0x00000000ebfd3668, 0x00000000ebfd3800, 0x00000000ec960000)
 Metaspace       used 33777K, capacity 34545K, committed 35072K, reserved 1079296K
  class space    used 3917K, capacity 4250K, committed 4352K, reserved 1048576K
}
Event: 1109.230 GC heap after
{Heap after GC invocations=83 (full 1):
 def new generation   total 9920K, used 119K [0x00000000e0e00000, 0x00000000e18c0000, 0x00000000eb400000)
  eden space 8832K,   0% used [0x00000000e0e00000, 0x00000000e0e00000, 0x00000000e16a0000)
  from space 1088K,  10% used [0x00000000e16a0000, 0x00000000e16bdd28, 0x00000000e17b0000)
  to   space 1088K,   0% used [0x00000000e17b0000, 0x00000000e17b0000, 0x00000000e18c0000)
 tenured generation   total 21888K, used 12109K [0x00000000eb400000, 0x00000000ec960000, 0x0000000100000000)
   the space 21888K,  55% used [0x00000000eb400000, 0x00000000ebfd3668, 0x00000000ebfd3800, 0x00000000ec960000)
 Metaspace       used 33777K, capacity 34545K, committed 35072K, reserved 1079296K
  class space    used 3917K, capacity 4250K, committed 4352K, reserved 1048576K
}

