# JRE version: OpenJDK Runtime Environment (11.0.5+10) (build 11.0.5+10-post-Ubuntu-0ubuntu1.1)
# Java VM: OpenJDK 64-Bit Server VM (11.0.5+10-post-Ubuntu-0ubuntu1.1, mixed mode, sharing, tiered, compressed oops, serial gc, linux-amd64)
Heap:
 def new generation   total 9920K, used 2587K [0x00000000e0e00000, 0x00000000e18c0000, 0x00000000eb400000)
  eden space 8832K,  18% used [0x00000000e0e00000, 0x00000000e0f9fff8, 0x00000000e16a0000)
  from space 1088K,  84% used [0x00000000e16a0000, 0x00000000e1786e70, 0x00000000e17b0000)
  to   space 1088K,   0% used [0x00000000e17b0000, 0x00000000e17b0000, 0x00000000e18c0000)
 tenured generation   total 21888K, used 9962K [0x00000000eb400000, 0x00000000ec960000, 0x0000000100000000)
   the space 21888K,  45% used [0x00000000eb400000, 0x00000000ebdba808, 0x00000000ebdbaa00, 0x00000000ec960000)
 Metaspace       used 31756K, capacity 32502K, committed 33152K, reserved 1079296K
  class space    used 3778K, capacity 4109K, committed 4224K, reserved 1048576K
GC Heap History (18 events):
Event: 1.587 GC heap before
{Heap before GC invocations=0 (full 0):
 def new generation   total 9792K, used 8704K [0x00000000e0e00000, 0x00000000e18a0000, 0x00000000eb400000)
  eden space 8704K, 100% used [0x00000000e0e00000, 0x00000000e1680000, 0x00000000e1680000)
  from space 1088K,   0% used [0x00000000e1680000, 0x00000000e1680000, 0x00000000e1790000)
  to   space 1088K,   0% used [0x00000000e1790000, 0x00000000e1790000, 0x00000000e18a0000)
 tenured generation   total 21888K, used 0K [0x00000000eb400000, 0x00000000ec960000, 0x0000000100000000)
   the space 21888K,   0% used [0x00000000eb400000, 0x00000000eb400000, 0x00000000eb400200, 0x00000000ec960000)
 Metaspace       used 6679K, capacity 7058K, committed 7424K, reserved 1056768K
  class space    used 744K, capacity 901K, committed 1024K, reserved 1048576K
}
Event: 1.626 GC heap after
{Heap after GC invocations=1 (full 0):
 def new generation   total 9792K, used 1088K [0x00000000e0e00000, 0x00000000e18a0000, 0x00000000eb400000)
  eden space 8704K,   0% used [0x00000000e0e00000, 0x00000000e0e00000, 0x00000000e1680000)
  from space 1088K, 100% used [0x00000000e1790000, 0x00000000e18a0000, 0x00000000e18a0000)
  to   space 1088K,   0% used [0x00000000e1680000, 0x00000000e1680000, 0x00000000e1790000)
 tenured generation   total 21888K, used 2366K [0x00000000eb400000, 0x00000000ec960000, 0x0000000100000000)
   the space 21888K,  10% used [0x00000000eb400000, 0x00000000eb64f8a8, 0x00000000eb64fa00, 0x00000000ec960000)
 Metaspace       used 6679K, capacity 7058K, committed 7424K, reserved 1056768K
  class space    used 744K, capacity 901K, committed 1024K, reserved 1048576K
}
Event: 3.735 GC heap before
{Heap before GC invocations=1 (full 0):
 def new generation   total 9792K, used 9791K [0x00000000e0e00000, 0x00000000e18a0000, 0x00000000eb400000)
  eden space 8704K,  99% used [0x00000000e0e00000, 0x00000000e167ffe0, 0x00000000e1680000)
  from space 1088K, 100% used [0x00000000e1790000, 0x00000000e18a0000, 0x00000000e18a0000)
  to   space 1088K,   0% used [0x00000000e1680000, 0x00000000e1680000, 0x00000000e1790000)
 tenured generation   total 21888K, used 2366K [0x00000000eb400000, 0x00000000ec960000, 0x0000000100000000)
   the space 21888K,  10% used [0x00000000eb400000, 0x00000000eb64f8a8, 0x00000000eb64fa00, 0x00000000ec960000)
 Metaspace       used 12241K, capacity 12793K, committed 13056K, reserved 1060864K
  class space    used 1439K, capacity 1685K, committed 1792K, reserved 1048576K
}
Event: 3.751 GC heap after
{Heap after GC invocations=2 (full 0):
 def new generation   total 9792K, used 1088K [0x00000000e0e00000, 0x00000000e18a0000, 0x00000000eb400000)
  eden space 8704K,   0% used [0x00000000e0e00000, 0x00000000e0e00000, 0x00000000e1680000)
  from space 1088K, 100% used [0x00000000e1680000, 0x00000000e1790000, 0x00000000e1790000)
  to   space 1088K,   0% used [0x00000000e1790000, 0x00000000e1790000, 0x00000000e18a0000)
 tenured generation   total 21888K, used 3638K [0x00000000eb400000, 0x00000000ec960000, 0x0000000100000000)
   the space 21888K,  16% used [0x00000000eb400000, 0x00000000eb78dbc8, 0x00000000eb78dc00, 0x00000000ec960000)
 Metaspace       used 12241K, capacity 12793K, committed 13056K, reserved 1060864K
  class space    used 1439K, capacity 1685K, committed 1792K, reserved 1048576K
}
Event: 4.815 GC heap before
{Heap before GC invocations=2 (full 0):
 def new generation   total 9792K, used 9792K [0x00000000e0e00000, 0x00000000e18a0000, 0x00000000eb400000)
  eden space 8704K, 100% used [0x00000000e0e00000, 0x00000000e1680000, 0x00000000e1680000)
  from space 1088K, 100% used [0x00000000e1680000, 0x00000000e1790000, 0x00000000e1790000)
  to   space 1088K,   0% used [0x00000000e1790000, 0x00000000e1790000, 0x00000000e18a0000)
 tenured generation   total 21888K, used 3638K [0x00000000eb400000, 0x00000000ec960000, 0x0000000100000000)
   the space 21888K,  16% used [0x00000000eb400000, 0x00000000eb78dbc8, 0x00000000eb78dc00, 0x00000000ec960000)
 Metaspace       used 14899K, capacity 15450K, committed 15744K, reserved 1062912K
  class space    used 1794K, capacity 2057K, committed 2176K, reserved 1048576K
}
Event: 4.821 GC heap after
{Heap after GC invocations=3 (full 0):
 def new generation   total 9792K, used 1034K [0x00000000e0e00000, 0x00000000e18a0000, 0x00000000eb400000)
  eden space 8704K,   0% used [0x00000000e0e00000, 0x00000000e0e00000, 0x00000000e1680000)
  from space 1088K,  95% used [0x00000000e1790000, 0x00000000e1892bb8, 0x00000000e18a0000)
  to   space 1088K,   0% used [0x00000000e1680000, 0x00000000e1680000, 0x00000000e1790000)
 tenured generation   total 21888K, used 4680K [0x00000000eb400000, 0x00000000ec960000, 0x0000000100000000)
   the space 21888K,  21% used [0x00000000eb400000, 0x00000000eb8922e0, 0x00000000eb892400, 0x00000000ec960000)
 Metaspace       used 14899K, capacity 15450K, committed 15744K, reserved 1062912K
  class space    used 1794K, capacity 2057K, committed 2176K, reserved 1048576K
}
Event: 5.589 GC heap before
{Heap before GC invocations=3 (full 0):
 def new generation   total 9792K, used 9738K [0x00000000e0e00000, 0x00000000e18a0000, 0x00000000eb400000)
  eden space 8704K, 100% used [0x00000000e0e00000, 0x00000000e1680000, 0x00000000e1680000)
  from space 1088K,  95% used [0x00000000e1790000, 0x00000000e1892bb8, 0x00000000e18a0000)
  to   space 1088K,   0% used [0x00000000e1680000, 0x00000000e1680000, 0x00000000e1790000)
 tenured generation   total 21888K, used 4680K [0x00000000eb400000, 0x00000000ec960000, 0x0000000100000000)
   the space 21888K,  21% used [0x00000000eb400000, 0x00000000eb8922e0, 0x00000000eb892400, 0x00000000ec960000)
 Metaspace       used 18197K, capacity 18886K, committed 19200K, reserved 1067008K
  class space    used 2217K, capacity 2542K, committed 2560K, reserved 1048576K
}
Event: 5.593 GC heap after
{Heap after GC invocations=4 (full 0):
 def new generation   total 9792K, used 793K [0x00000000e0e00000, 0x00000000e18a0000, 0x00000000eb400000)
  eden space 8704K,   0% used [0x00000000e0e00000, 0x00000000e0e00000, 0x00000000e1680000)
  from space 1088K,  72% used [0x00000000e1680000, 0x00000000e17465f8, 0x00000000e1790000)
  to   space 1088K,   0% used [0x00000000e1790000, 0x00000000e1790000, 0x00000000e18a0000)
 tenured generation   total 21888K, used 5636K [0x00000000eb400000, 0x00000000ec960000, 0x0000000100000000)
   the space 21888K,  25% used [0x00000000eb400000, 0x00000000eb981270, 0x00000000eb981400, 0x00000000ec960000)
 Metaspace       used 18197K, capacity 18886K, committed 19200K, reserved 1067008K
  class space    used 2217K, capacity 2542K, committed 2560K, reserved 1048576K
}
Event: 6.080 GC heap before
{Heap before GC invocations=4 (full 0):
 def new generation   total 9792K, used 9095K [0x00000000e0e00000, 0x00000000e18a0000, 0x00000000eb400000)
  eden space 8704K,  95% used [0x00000000e0e00000, 0x00000000e161b7b0, 0x00000000e1680000)
  from space 1088K,  72% used [0x00000000e1680000, 0x00000000e17465f8, 0x00000000e1790000)
  to   space 1088K,   0% used [0x00000000e1790000, 0x00000000e1790000, 0x00000000e18a0000)
 tenured generation   total 21888K, used 5636K [0x00000000eb400000, 0x00000000ec960000, 0x0000000100000000)
   the space 21888K,  25% used [0x00000000eb400000, 0x00000000eb981270, 0x00000000eb981400, 0x00000000ec960000)
 Metaspace       used 20387K, capacity 21074K, committed 21248K, reserved 1067008K
  class space    used 2455K, capacity 2802K, committed 2816K, reserved 1048576K
}
Event: 6.116 GC heap after
{Heap after GC invocations=5 (full 1):
 def new generation   total 9920K, used 0K [0x00000000e0e00000, 0x00000000e18c0000, 0x00000000eb400000)
  eden space 8832K,   0% used [0x00000000e0e00000, 0x00000000e0e00000, 0x00000000e16a0000)
  from space 1088K,   0% used [0x00000000e16a0000, 0x00000000e16a0000, 0x00000000e17b0000)
  to   space 1088K,   0% used [0x00000000e17b0000, 0x00000000e17b0000, 0x00000000e18c0000)
 tenured generation   total 21888K, used 6745K [0x00000000eb400000, 0x00000000ec960000, 0x0000000100000000)
   the space 21888K,  30% used [0x00000000eb400000, 0x00000000eba965b0, 0x00000000eba96600, 0x00000000ec960000)
 Metaspace       used 20387K, capacity 21074K, committed 21248K, reserved 1067008K
  class space    used 2455K, capacity 2802K, committed 2816K, reserved 1048576K
}
Event: 6.522 GC heap before
{Heap before GC invocations=5 (full 1):
 def new generation   total 9920K, used 8832K [0x00000000e0e00000, 0x00000000e18c0000, 0x00000000eb400000)
  eden space 8832K, 100% used [0x00000000e0e00000, 0x00000000e16a0000, 0x00000000e16a0000)
  from space 1088K,   0% used [0x00000000e16a0000, 0x00000000e16a0000, 0x00000000e17b0000)
  to   space 1088K,   0% used [0x00000000e17b0000, 0x00000000e17b0000, 0x00000000e18c0000)
 tenured generation   total 21888K, used 6745K [0x00000000eb400000, 0x00000000ec960000, 0x0000000100000000)
   the space 21888K,  30% used [0x00000000eb400000, 0x00000000eba965b0, 0x00000000eba96600, 0x00000000ec960000)
 Metaspace       used 22400K, capacity 23096K, committed 23552K, reserved 1069056K
  class space    used 2700K, capacity 3028K, committed 3072K, reserved 1048576K
}
Event: 6.525 GC heap after
{Heap after GC invocations=6 (full 1):
 def new generation   total 9920K, used 798K [0x00000000e0e00000, 0x00000000e18c0000, 0x00000000eb400000)
  eden space 8832K,   0% used [0x00000000e0e00000, 0x00000000e0e00000, 0x00000000e16a0000)
  from space 1088K,  73% used [0x00000000e17b0000, 0x00000000e1877bb0, 0x00000000e18c0000)
  to   space 1088K,   0% used [0x00000000e16a0000, 0x00000000e16a0000, 0x00000000e17b0000)
 tenured generation   total 21888K, used 6745K [0x00000000eb400000, 0x00000000ec960000, 0x0000000100000000)
   the space 21888K,  30% used [0x00000000eb400000, 0x00000000eba965b0, 0x00000000eba96600, 0x00000000ec960000)
 Metaspace       used 22400K, capacity 23096K, committed 23552K, reserved 1069056K
  class space    used 2700K, capacity 3028K, committed 3072K, reserved 1048576K
}
Event: 7.150 GC heap before
{Heap before GC invocations=6 (full 1):
 def new generation   total 9920K, used 9630K [0x00000000e0e00000, 0x00000000e18c0000, 0x00000000eb400000)
  eden space 8832K, 100% used [0x00000000e0e00000, 0x00000000e16a0000, 0x00000000e16a0000)
  from space 1088K,  73% used [0x00000000e17b0000, 0x00000000e1877bb0, 0x00000000e18c0000)
  to   space 1088K,   0% used [0x00000000e16a0000, 0x00000000e16a0000, 0x00000000e17b0000)
 tenured generation   total 21888K, used 6745K [0x00000000eb400000, 0x00000000ec960000, 0x0000000100000000)
   the space 21888K,  30% used [0x00000000eb400000, 0x00000000eba965b0, 0x00000000eba96600, 0x00000000ec960000)
 Metaspace       used 25083K, capacity 25819K, committed 26112K, reserved 1073152K
  class space    used 2994K, capacity 3314K, committed 3328K, reserved 1048576K
}
Event: 7.158 GC heap after
{Heap after GC invocations=7 (full 1):
 def new generation   total 9920K, used 1088K [0x00000000e0e00000, 0x00000000e18c0000, 0x00000000eb400000)
  eden space 8832K,   0% used [0x00000000e0e00000, 0x00000000e0e00000, 0x00000000e16a0000)
  from space 1088K, 100% used [0x00000000e16a0000, 0x00000000e17b0000, 0x00000000e17b0000)
  to   space 1088K,   0% used [0x00000000e17b0000, 0x00000000e17b0000, 0x00000000e18c0000)
 tenured generation   total 21888K, used 7979K [0x00000000eb400000, 0x00000000ec960000, 0x0000000100000000)
   the space 21888K,  36% used [0x00000000eb400000, 0x00000000ebbcac10, 0x00000000ebbcae00, 0x00000000ec960000)
 Metaspace       used 25083K, capacity 25819K, committed 26112K, reserved 1073152K
  class space    used 2994K, capacity 3314K, committed 3328K, reserved 1048576K
}
Event: 7.721 GC heap before
{Heap before GC invocations=7 (full 1):
 def new generation   total 9920K, used 9920K [0x00000000e0e00000, 0x00000000e18c0000, 0x00000000eb400000)
  eden space 8832K, 100% used [0x00000000e0e00000, 0x00000000e16a0000, 0x00000000e16a0000)
  from space 1088K, 100% used [0x00000000e16a0000, 0x00000000e17b0000, 0x00000000e17b0000)
  to   space 1088K,   0% used [0x00000000e17b0000, 0x00000000e17b0000, 0x00000000e18c0000)
 tenured generation   total 21888K, used 7979K [0x00000000eb400000, 0x00000000ec960000, 0x0000000100000000)
   the space 21888K,  36% used [0x00000000eb400000, 0x00000000ebbcac10, 0x00000000ebbcae00, 0x00000000ec960000)
 Metaspace       used 26938K, capacity 27661K, committed 28160K, reserved 1073152K
  class space    used 3233K, capacity 3541K, committed 3584K, reserved 1048576K
}
Event: 7.726 GC heap after
{Heap after GC invocations=8 (full 1):
 def new generation   total 9920K, used 1056K [0x00000000e0e00000, 0x00000000e18c0000, 0x00000000eb400000)
  eden space 8832K,   0% used [0x00000000e0e00000, 0x00000000e0e00000, 0x00000000e16a0000)
  from space 1088K,  97% used [0x00000000e17b0000, 0x00000000e18b82a8, 0x00000000e18c0000)
  to   space 1088K,   0% used [0x00000000e16a0000, 0x00000000e16a0000, 0x00000000e17b0000)
 tenured generation   total 21888K, used 8919K [0x00000000eb400000, 0x00000000ec960000, 0x0000000100000000)
   the space 21888K,  40% used [0x00000000eb400000, 0x00000000ebcb5d70, 0x00000000ebcb5e00, 0x00000000ec960000)
 Metaspace       used 26938K, capacity 27661K, committed 28160K, reserved 1073152K
  class space    used 3233K, capacity 3541K, committed 3584K, reserved 1048576K
}
Event: 10.875 GC heap before
{Heap before GC invocations=8 (full 1):
 def new generation   total 9920K, used 9888K [0x00000000e0e00000, 0x00000000e18c0000, 0x00000000eb400000)
  eden space 8832K, 100% used [0x00000000e0e00000, 0x00000000e16a0000, 0x00000000e16a0000)
  from space 1088K,  97% used [0x00000000e17b0000, 0x00000000e18b82a8, 0x00000000e18c0000)
  to   space 1088K,   0% used [0x00000000e16a0000, 0x00000000e16a0000, 0x00000000e17b0000)
 tenured generation   total 21888K, used 8919K [0x00000000eb400000, 0x00000000ec960000, 0x0000000100000000)
   the space 21888K,  40% used [0x00000000eb400000, 0x00000000ebcb5d70, 0x00000000ebcb5e00, 0x00000000ec960000)
 Metaspace       used 31194K, capacity 31894K, committed 32256K, reserved 1077248K
  class space    used 3744K, capacity 4077K, committed 4096K, reserved 1048576K
}
Event: 10.894 GC heap after
{Heap after GC invocations=9 (full 1):
 def new generation   total 9920K, used 923K [0x00000000e0e00000, 0x00000000e18c0000, 0x00000000eb400000)
  eden space 8832K,   0% used [0x00000000e0e00000, 0x00000000e0e00000, 0x00000000e16a0000)
  from space 1088K,  84% used [0x00000000e16a0000, 0x00000000e1786e70, 0x00000000e17b0000)
  to   space 1088K,   0% used [0x00000000e17b0000, 0x00000000e17b0000, 0x00000000e18c0000)
 tenured generation   total 21888K, used 9962K [0x00000000eb400000, 0x00000000ec960000, 0x0000000100000000)
   the space 21888K,  45% used [0x00000000eb400000, 0x00000000ebdba808, 0x00000000ebdbaa00, 0x00000000ec960000)
 Metaspace       used 31194K, capacity 31894K, committed 32256K, reserved 1077248K
  class space    used 3744K, capacity 4077K, committed 4096K, reserved 1048576K
}

